<?xml version="1.0" encoding="UTF-8"?>
<testng-results ignored="0" total="1" passed="1" failed="0" skipped="0">
  <reporter-output>
  </reporter-output>
  <suite started-at="2021-05-20T21:11:20Z" name="Default suite" finished-at="2021-05-20T21:11:24Z" duration-ms="4127">
    <groups>
    </groups>
    <test started-at="2021-05-20T21:11:20Z" name="Default test" finished-at="2021-05-20T21:11:24Z" duration-ms="4127">
      <class name="com.extendreports.test.ExtentReportsFile">
        <test-method signature="extendTest()[pri:0, instance:com.extendreports.test.ExtentReportsFile@20140db9]" started-at="2021-05-20T21:11:20Z" name="extendTest" finished-at="2021-05-20T21:11:24Z" duration-ms="4048" status="PASS">
          <reporter-output>
          </reporter-output>
        </test-method> <!-- extendTest -->
      </class> <!-- com.extendreports.test.ExtentReportsFile -->
    </test> <!-- Default test -->
  </suite> <!-- Default suite -->
</testng-results>
